// 重构日志: d8db2f60
// 重构日志: e2031845
// 同步 ID: a204cef8 @ Sun Jul  5 02:00:17 UTC 2026
// 重构日志: 98d3a0c2
// 重构日志: a859cafa
// 同步 ID: 7802a8f0 @ Wed Jul  8 16:40:13 UTC 2026
// 同步 ID: fee801d0 @ Thu Jul  9 11:43:12 UTC 2026
// 重构日志: 651fd970
// 重构日志: 4165a8cf
// 重构日志: ba664d55
// 重构日志: ad18b14d
// 重构日志: e45a4f97
// 重构日志: 57a57c25
// 同步 ID: 8dc35d97 @ Sat Jul 11 16:20:55 UTC 2026
// 重构日志: 00ba7355
// 同步 ID: fc944226 @ Sun Jul 12 01:14:39 UTC 2026
// 重构日志: 038e743e
// 重构日志: b0f18f49
// 重构日志: 19e1c9a4
// 重构日志: 8c9e777e
// 同步 ID: b2b803b4 @ Tue Jul 14 17:46:10 UTC 2026
// 同步 ID: c4fc273d @ Wed Jul 15 01:41:55 UTC 2026
// 同步 ID: f31c7b0d @ Wed Jul 15 18:54:40 UTC 2026
// 重构日志: 70eccf43
// 重构日志: 1cf5ab40
// 重构日志: 0ec614f9
// 同步 ID: 61a2a009 @ Fri Jul 17 15:08:15 UTC 2026
// 重构日志: 0917a462
// 重构日志: f5670a2e
// 同步 ID: e30532a1 @ Sat Jul 18 01:40:31 UTC 2026
// 重构日志: a553c71f
// 重构日志: 89379f35
// 重构日志: 1a22d378
// 重构日志: 2c8a3f8e
